Trial 150 finished with value: 0.9784926557395682 and parameters: {'lr': 0.007486101141347006, 'num_leaves': 32, 'n_estimators': 900}. Best is trial 32 with value: 0.9764656963136212.
Trial 151 finished with value: 0.9787473877581577 and parameters: {'lr': 0.007781863564611339, 'num_leaves': 32, 'n_estimators': 750}. Best is trial 32 with value: 0.9764656963136212.
Trial 152 finished with value: 0.9780723969995511 and parameters: {'lr': 0.0067483935202751226, 'num_leaves': 32, 'n_estimators': 750}. Best is trial 32 with value: 0.9764656963136212.
Trial 153 finished with value: 0.9787588494260572 and parameters: {'lr': 0.008505909179623643, 'num_leaves': 32, 'n_estimators': 750}. Best is trial 32 with value: 0.9764656963136212.
Trial 154 finished with value: 0.9782663807507815 and parameters: {'lr': 0.009599167510129859, 'num_leaves': 32, 'n_estimators': 900}. Best is trial 32 with value: 0.9764656963136212.
Trial 155 finished with value: 0.978881898006929 and parameters: {'lr': 0.006137570636889322, 'num_leaves': 32, 'n_estimators': 750}. Best is trial 32 with value: 0.9764656963136212.
Trial 156 finished with value: 0.9785143750925273 and parameters: {'lr': 0.007447057883701492, 'num_leaves': 32, 'n_estimators': 750}. Best is trial 32 with value: 0.9764656963136212.
Trial 157 pruned. Trial was pruned at iteration 651.
Trial 158 finished with value: 0.9781477284170642 and parameters: {'lr': 0.008827358557408729, 'num_leaves': 32, 'n_estimators': 750}. Best is trial 32 with value: 0.9764656963136212.
Trial 159 finished with value: 0.9783201841169694 and parameters: {'lr': 0.006941423817694658, 'num_leaves': 32, 'n_estimators': 750}. Best is trial 32 with value: 0.9764656963136212.
Trial 160 finished with value: 0.9854433463130775 and parameters: {'lr': 0.008132922437733779, 'num_leaves': 416, 'n_estimators': 900}. Best is trial 32 with value: 0.9764656963136212.
Trial 161 finished with value: 0.979080460456323 and parameters: {'lr': 0.007155596871286677, 'num_leaves': 32, 'n_estimators': 900}. Best is trial 32 with value: 0.9764656963136212.
Trial 162 finished with value: 0.9780219847918837 and parameters: {'lr': 0.006317572649354275, 'num_leaves': 32, 'n_estimators': 900}. Best is trial 32 with value: 0.9764656963136212.
Trial 163 finished with value: 0.979375672988079 and parameters: {'lr': 0.006959865901488096, 'num_leaves': 32, 'n_estimators': 900}. Best is trial 32 with value: 0.9764656963136212.
Trial 164 finished with value: 0.9794135950405757 and parameters: {'lr': 0.007708683981763346, 'num_leaves': 32, 'n_estimators': 900}. Best is trial 32 with value: 0.9764656963136212.
Trial 165 failed with parameters: {'lr': 0.005488670878953109, 'num_leaves': 32, 'n_estimators': 900} because of the following error: KeyboardInterrupt().


val_monthes=[23,26,33]
